2022-02-08 21:42:41,883 - Log4JLogChute initialized using file 'target/velocity.log'
2022-02-08 21:42:41,883 - Initializing Velocity, Calling init()...
2022-02-08 21:42:41,884 - Starting Apache Velocity v1.7 (compiled: 2010-11-19 12:14:37)
2022-02-08 21:42:41,884 - Default Properties File: org/apache/velocity/runtime/defaults/velocity.properties
2022-02-08 21:42:41,884 - Trying to use logger class org.apache.velocity.runtime.log.AvalonLogChute
2022-02-08 21:42:41,884 - Target log system for org.apache.velocity.runtime.log.AvalonLogChute is not available (java.lang.NoClassDefFoundError: org/apache/log/format/Formatter).  Falling back to next log system...
2022-02-08 21:42:41,884 - Trying to use logger class org.apache.velocity.runtime.log.Log4JLogChute
2022-02-08 21:42:41,884 - Using logger class org.apache.velocity.runtime.log.Log4JLogChute
2022-02-08 21:42:41,891 - ResourceLoader instantiated: org.apache.velocity.runtime.resource.loader.ClasspathResourceLoader
2022-02-08 21:42:41,957 - ResourceCache: initialized (class org.apache.velocity.runtime.resource.ResourceCacheImpl) with class java.util.Collections$SynchronizedMap cache map.
2022-02-08 21:42:41,959 - Loaded System Directive: org.apache.velocity.runtime.directive.Stop
2022-02-08 21:42:41,960 - Loaded System Directive: org.apache.velocity.runtime.directive.Define
2022-02-08 21:42:41,983 - Loaded System Directive: org.apache.velocity.runtime.directive.Break
2022-02-08 21:42:41,985 - Loaded System Directive: org.apache.velocity.runtime.directive.Evaluate
2022-02-08 21:42:41,986 - Loaded System Directive: org.apache.velocity.runtime.directive.Literal
2022-02-08 21:42:41,988 - Loaded System Directive: org.apache.velocity.runtime.directive.Macro
2022-02-08 21:42:41,991 - Loaded System Directive: org.apache.velocity.runtime.directive.Parse
2022-02-08 21:42:42,005 - Loaded System Directive: org.apache.velocity.runtime.directive.Include
2022-02-08 21:42:42,006 - Loaded System Directive: org.apache.velocity.runtime.directive.Foreach
2022-02-08 21:42:42,041 - Created '20' parsers.
2022-02-08 21:42:42,051 - Velocimacro : "velocimacro.library" is not set.  Trying default library: VM_global_library.vm
2022-02-08 21:42:42,055 - Could not load resource 'VM_global_library.vm' from ResourceLoader org.apache.velocity.runtime.resource.loader.ClasspathResourceLoader: ClasspathResourceLoader Error: cannot find resource VM_global_library.vm
2022-02-08 21:42:42,055 - Velocimacro : Default library not found.
2022-02-08 21:42:42,055 - Velocimacro : allowInline = true : VMs can be defined inline in templates
2022-02-08 21:42:42,055 - Velocimacro : allowInlineToOverride = false : VMs defined inline may NOT replace previous VM definitions
2022-02-08 21:42:42,055 - Velocimacro : allowInlineLocal = false : VMs defined inline will be global in scope if allowed.
2022-02-08 21:42:42,055 - Velocimacro : autoload off : VM system will not automatically reload global library macros
2022-02-08 21:42:42,169 - ResourceManager : found templates/generators/errorpage.vm with loader org.apache.velocity.runtime.resource.loader.ClasspathResourceLoader
2022-02-08 21:42:42,173 - ResourceManager : found /templates/headers.vm with loader org.apache.velocity.runtime.resource.loader.ClasspathResourceLoader
2022-02-08 21:42:42,174 - ResourceManager : found /templates/head.vm with loader org.apache.velocity.runtime.resource.loader.ClasspathResourceLoader
2022-02-08 21:42:42,176 - Velocimacro : added VM stringArray: source=/templates/macros/array.js.vm
2022-02-08 21:42:42,176 - Velocimacro : added VM numberArray: source=/templates/macros/array.js.vm
2022-02-08 21:42:42,176 - ResourceManager : found /templates/macros/array.js.vm with loader org.apache.velocity.runtime.resource.loader.ClasspathResourceLoader
2022-02-08 21:42:42,179 - Velocimacro : added VM includeBuildInfo: source=/templates/macros/page/buildinfo.vm
2022-02-08 21:42:42,179 - ResourceManager : found /templates/macros/page/buildinfo.vm with loader org.apache.velocity.runtime.resource.loader.ClasspathResourceLoader
2022-02-08 21:42:42,185 - Velocimacro : added VM includeClassifications: source=/templates/macros/page/classifications.vm
2022-02-08 21:42:42,185 - ResourceManager : found /templates/macros/page/classifications.vm with loader org.apache.velocity.runtime.resource.loader.ClasspathResourceLoader
2022-02-08 21:42:42,186 - Velocimacro : added VM includeLead: source=/templates/macros/page/lead.vm
2022-02-08 21:42:42,186 - ResourceManager : found /templates/macros/page/lead.vm with loader org.apache.velocity.runtime.resource.loader.ClasspathResourceLoader
2022-02-08 21:42:42,190 - Velocimacro : added VM includeNavigation: source=/templates/macros/page/navigation.vm
2022-02-08 21:42:42,190 - ResourceManager : found /templates/macros/page/navigation.vm with loader org.apache.velocity.runtime.resource.loader.ClasspathResourceLoader
2022-02-08 21:42:42,192 - Velocimacro : added VM includeReportInfo: source=/templates/macros/page/reportInfo.vm
2022-02-08 21:42:42,192 - ResourceManager : found /templates/macros/page/reportInfo.vm with loader org.apache.velocity.runtime.resource.loader.ClasspathResourceLoader
2022-02-08 21:42:42,194 - Velocimacro : added VM includeTitle: source=/templates/macros/page/title.vm
2022-02-08 21:42:42,194 - ResourceManager : found /templates/macros/page/title.vm with loader org.apache.velocity.runtime.resource.loader.ClasspathResourceLoader
2022-02-08 21:42:42,196 - Velocimacro : added VM includeExpandingButtons: source=/templates/macros/report/expandAllButtons.vm
2022-02-08 21:42:42,196 - ResourceManager : found /templates/macros/report/expandAllButtons.vm with loader org.apache.velocity.runtime.resource.loader.ClasspathResourceLoader
2022-02-08 21:42:42,200 - Velocimacro : added VM includeReportTable: source=/templates/macros/report/reportTable.vm
2022-02-08 21:42:42,200 - ResourceManager : found /templates/macros/report/reportTable.vm with loader org.apache.velocity.runtime.resource.loader.ClasspathResourceLoader
2022-02-08 21:42:42,202 - Velocimacro : added VM includeReportHeader: source=/templates/macros/report/reportHeader.vm
2022-02-08 21:42:42,202 - ResourceManager : found /templates/macros/report/reportHeader.vm with loader org.apache.velocity.runtime.resource.loader.ClasspathResourceLoader
2022-02-08 21:42:42,208 - Velocimacro : added VM includeStatsTable: source=/templates/macros/report/statsTable.vm
2022-02-08 21:42:42,208 - ResourceManager : found /templates/macros/report/statsTable.vm with loader org.apache.velocity.runtime.resource.loader.ClasspathResourceLoader
2022-02-08 21:42:42,209 - Velocimacro : added VM includeBrief: source=/templates/macros/json/brief.vm
2022-02-08 21:42:42,209 - ResourceManager : found /templates/macros/json/brief.vm with loader org.apache.velocity.runtime.resource.loader.ClasspathResourceLoader
2022-02-08 21:42:42,210 - Velocimacro : added VM includeDocString: source=/templates/macros/json/docstring.vm
2022-02-08 21:42:42,211 - ResourceManager : found /templates/macros/json/docstring.vm with loader org.apache.velocity.runtime.resource.loader.ClasspathResourceLoader
2022-02-08 21:42:42,213 - Velocimacro : added VM includeDuration: source=/templates/macros/json/duration.vm
2022-02-08 21:42:42,213 - ResourceManager : found /templates/macros/json/duration.vm with loader org.apache.velocity.runtime.resource.loader.ClasspathResourceLoader
2022-02-08 21:42:42,215 - Velocimacro : added VM includeElement: source=/templates/macros/json/element.vm
2022-02-08 21:42:42,215 - ResourceManager : found /templates/macros/json/element.vm with loader org.apache.velocity.runtime.resource.loader.ClasspathResourceLoader
2022-02-08 21:42:42,223 - Velocimacro : added VM includeEmbeddings: source=/templates/macros/json/embeddings.vm
2022-02-08 21:42:42,223 - Velocimacro : added VM includeHtmlEmbedding: source=/templates/macros/json/embeddings.vm
2022-02-08 21:42:42,224 - Velocimacro : added VM includeVideoEmbedding: source=/templates/macros/json/embeddings.vm
2022-02-08 21:42:42,224 - Velocimacro : added VM includeImageEmbedding: source=/templates/macros/json/embeddings.vm
2022-02-08 21:42:42,224 - Velocimacro : added VM includeImageReferenceEmbedding: source=/templates/macros/json/embeddings.vm
2022-02-08 21:42:42,224 - Velocimacro : added VM includeTextEmbedding: source=/templates/macros/json/embeddings.vm
2022-02-08 21:42:42,224 - Velocimacro : added VM includeUnknownEmbedding: source=/templates/macros/json/embeddings.vm
2022-02-08 21:42:42,225 - ResourceManager : found /templates/macros/json/embeddings.vm with loader org.apache.velocity.runtime.resource.loader.ClasspathResourceLoader
2022-02-08 21:42:42,228 - Velocimacro : added VM includeHooks: source=/templates/macros/json/hooks.vm
2022-02-08 21:42:42,228 - ResourceManager : found /templates/macros/json/hooks.vm with loader org.apache.velocity.runtime.resource.loader.ClasspathResourceLoader
2022-02-08 21:42:42,232 - Velocimacro : added VM includeOutput: source=/templates/macros/json/output.vm
2022-02-08 21:42:42,232 - ResourceManager : found /templates/macros/json/output.vm with loader org.apache.velocity.runtime.resource.loader.ClasspathResourceLoader
2022-02-08 21:42:42,234 - Velocimacro : added VM includeMessage: source=/templates/macros/json/message.vm
2022-02-08 21:42:42,234 - ResourceManager : found /templates/macros/json/message.vm with loader org.apache.velocity.runtime.resource.loader.ClasspathResourceLoader
2022-02-08 21:42:42,236 - Velocimacro : added VM includeSteps: source=/templates/macros/json/steps.vm
2022-02-08 21:42:42,236 - ResourceManager : found /templates/macros/json/steps.vm with loader org.apache.velocity.runtime.resource.loader.ClasspathResourceLoader
2022-02-08 21:42:42,237 - Velocimacro : added VM includeStepName: source=/templates/macros/json/stepName.vm
2022-02-08 21:42:42,237 - ResourceManager : found /templates/macros/json/stepName.vm with loader org.apache.velocity.runtime.resource.loader.ClasspathResourceLoader
2022-02-08 21:42:42,238 - Velocimacro : added VM includeTags: source=/templates/macros/json/tags.vm
2022-02-08 21:42:42,238 - ResourceManager : found /templates/macros/json/tags.vm with loader org.apache.velocity.runtime.resource.loader.ClasspathResourceLoader
2022-02-08 21:42:42,246 - VM #includeNavigation: too few arguments to macro. Wanted 1 got 0
2022-02-08 21:42:42,247 - Left side ($active_tab) of '==' operation has null value. If it is a reference, it may not be in the context or its toString() returned null. /templates/macros/page/navigation.vm[line 14, column 51]
2022-02-08 21:42:42,247 - Left side ($active_tab) of '==' operation has null value. If it is a reference, it may not be in the context or its toString() returned null. /templates/macros/page/navigation.vm[line 15, column 51]
2022-02-08 21:42:42,247 - Left side ($active_tab) of '==' operation has null value. If it is a reference, it may not be in the context or its toString() returned null. /templates/macros/page/navigation.vm[line 16, column 51]
2022-02-08 21:42:42,247 - Left side ($active_tab) of '==' operation has null value. If it is a reference, it may not be in the context or its toString() returned null. /templates/macros/page/navigation.vm[line 20, column 51]
2022-02-08 21:42:42,268 - ResourceManager : found /templates/footer.vm with loader org.apache.velocity.runtime.resource.loader.ClasspathResourceLoader
2022-02-09 12:54:36,618 - Log4JLogChute initialized using file 'target/velocity.log'
2022-02-09 12:54:36,619 - Initializing Velocity, Calling init()...
2022-02-09 12:54:36,619 - Starting Apache Velocity v1.7 (compiled: 2010-11-19 12:14:37)
2022-02-09 12:54:36,619 - Default Properties File: org/apache/velocity/runtime/defaults/velocity.properties
2022-02-09 12:54:36,619 - Trying to use logger class org.apache.velocity.runtime.log.AvalonLogChute
2022-02-09 12:54:36,619 - Target log system for org.apache.velocity.runtime.log.AvalonLogChute is not available (java.lang.NoClassDefFoundError: org/apache/log/format/Formatter).  Falling back to next log system...
2022-02-09 12:54:36,619 - Trying to use logger class org.apache.velocity.runtime.log.Log4JLogChute
2022-02-09 12:54:36,619 - Using logger class org.apache.velocity.runtime.log.Log4JLogChute
2022-02-09 12:54:36,622 - ResourceLoader instantiated: org.apache.velocity.runtime.resource.loader.ClasspathResourceLoader
2022-02-09 12:54:36,636 - ResourceCache: initialized (class org.apache.velocity.runtime.resource.ResourceCacheImpl) with class java.util.Collections$SynchronizedMap cache map.
2022-02-09 12:54:36,638 - Loaded System Directive: org.apache.velocity.runtime.directive.Stop
2022-02-09 12:54:36,639 - Loaded System Directive: org.apache.velocity.runtime.directive.Define
2022-02-09 12:54:36,640 - Loaded System Directive: org.apache.velocity.runtime.directive.Break
2022-02-09 12:54:36,641 - Loaded System Directive: org.apache.velocity.runtime.directive.Evaluate
2022-02-09 12:54:36,641 - Loaded System Directive: org.apache.velocity.runtime.directive.Literal
2022-02-09 12:54:36,642 - Loaded System Directive: org.apache.velocity.runtime.directive.Macro
2022-02-09 12:54:36,643 - Loaded System Directive: org.apache.velocity.runtime.directive.Parse
2022-02-09 12:54:36,644 - Loaded System Directive: org.apache.velocity.runtime.directive.Include
2022-02-09 12:54:36,645 - Loaded System Directive: org.apache.velocity.runtime.directive.Foreach
2022-02-09 12:54:36,683 - Created '20' parsers.
2022-02-09 12:54:36,720 - Velocimacro : "velocimacro.library" is not set.  Trying default library: VM_global_library.vm
2022-02-09 12:54:36,732 - Could not load resource 'VM_global_library.vm' from ResourceLoader org.apache.velocity.runtime.resource.loader.ClasspathResourceLoader: ClasspathResourceLoader Error: cannot find resource VM_global_library.vm
2022-02-09 12:54:36,732 - Velocimacro : Default library not found.
2022-02-09 12:54:36,732 - Velocimacro : allowInline = true : VMs can be defined inline in templates
2022-02-09 12:54:36,732 - Velocimacro : allowInlineToOverride = false : VMs defined inline may NOT replace previous VM definitions
2022-02-09 12:54:36,732 - Velocimacro : allowInlineLocal = false : VMs defined inline will be global in scope if allowed.
2022-02-09 12:54:36,732 - Velocimacro : autoload off : VM system will not automatically reload global library macros
2022-02-09 12:54:36,885 - ResourceManager : found templates/generators/errorpage.vm with loader org.apache.velocity.runtime.resource.loader.ClasspathResourceLoader
2022-02-09 12:54:36,890 - ResourceManager : found /templates/headers.vm with loader org.apache.velocity.runtime.resource.loader.ClasspathResourceLoader
2022-02-09 12:54:36,891 - ResourceManager : found /templates/head.vm with loader org.apache.velocity.runtime.resource.loader.ClasspathResourceLoader
2022-02-09 12:54:36,893 - Velocimacro : added VM stringArray: source=/templates/macros/array.js.vm
2022-02-09 12:54:36,893 - Velocimacro : added VM numberArray: source=/templates/macros/array.js.vm
2022-02-09 12:54:36,893 - ResourceManager : found /templates/macros/array.js.vm with loader org.apache.velocity.runtime.resource.loader.ClasspathResourceLoader
2022-02-09 12:54:36,896 - Velocimacro : added VM includeBuildInfo: source=/templates/macros/page/buildinfo.vm
2022-02-09 12:54:36,896 - ResourceManager : found /templates/macros/page/buildinfo.vm with loader org.apache.velocity.runtime.resource.loader.ClasspathResourceLoader
2022-02-09 12:54:36,901 - Velocimacro : added VM includeClassifications: source=/templates/macros/page/classifications.vm
2022-02-09 12:54:36,902 - ResourceManager : found /templates/macros/page/classifications.vm with loader org.apache.velocity.runtime.resource.loader.ClasspathResourceLoader
2022-02-09 12:54:36,903 - Velocimacro : added VM includeLead: source=/templates/macros/page/lead.vm
2022-02-09 12:54:36,903 - ResourceManager : found /templates/macros/page/lead.vm with loader org.apache.velocity.runtime.resource.loader.ClasspathResourceLoader
2022-02-09 12:54:36,906 - Velocimacro : added VM includeNavigation: source=/templates/macros/page/navigation.vm
2022-02-09 12:54:36,906 - ResourceManager : found /templates/macros/page/navigation.vm with loader org.apache.velocity.runtime.resource.loader.ClasspathResourceLoader
2022-02-09 12:54:36,910 - Velocimacro : added VM includeReportInfo: source=/templates/macros/page/reportInfo.vm
2022-02-09 12:54:36,910 - ResourceManager : found /templates/macros/page/reportInfo.vm with loader org.apache.velocity.runtime.resource.loader.ClasspathResourceLoader
2022-02-09 12:54:36,916 - Velocimacro : added VM includeTitle: source=/templates/macros/page/title.vm
2022-02-09 12:54:36,916 - ResourceManager : found /templates/macros/page/title.vm with loader org.apache.velocity.runtime.resource.loader.ClasspathResourceLoader
2022-02-09 12:54:36,917 - Velocimacro : added VM includeExpandingButtons: source=/templates/macros/report/expandAllButtons.vm
2022-02-09 12:54:36,917 - ResourceManager : found /templates/macros/report/expandAllButtons.vm with loader org.apache.velocity.runtime.resource.loader.ClasspathResourceLoader
2022-02-09 12:54:36,923 - Velocimacro : added VM includeReportTable: source=/templates/macros/report/reportTable.vm
2022-02-09 12:54:36,923 - ResourceManager : found /templates/macros/report/reportTable.vm with loader org.apache.velocity.runtime.resource.loader.ClasspathResourceLoader
2022-02-09 12:54:36,924 - Velocimacro : added VM includeReportHeader: source=/templates/macros/report/reportHeader.vm
2022-02-09 12:54:36,924 - ResourceManager : found /templates/macros/report/reportHeader.vm with loader org.apache.velocity.runtime.resource.loader.ClasspathResourceLoader
2022-02-09 12:54:36,939 - Velocimacro : added VM includeStatsTable: source=/templates/macros/report/statsTable.vm
2022-02-09 12:54:36,940 - ResourceManager : found /templates/macros/report/statsTable.vm with loader org.apache.velocity.runtime.resource.loader.ClasspathResourceLoader
2022-02-09 12:54:36,941 - Velocimacro : added VM includeBrief: source=/templates/macros/json/brief.vm
2022-02-09 12:54:36,941 - ResourceManager : found /templates/macros/json/brief.vm with loader org.apache.velocity.runtime.resource.loader.ClasspathResourceLoader
2022-02-09 12:54:36,943 - Velocimacro : added VM includeDocString: source=/templates/macros/json/docstring.vm
2022-02-09 12:54:36,943 - ResourceManager : found /templates/macros/json/docstring.vm with loader org.apache.velocity.runtime.resource.loader.ClasspathResourceLoader
2022-02-09 12:54:36,944 - Velocimacro : added VM includeDuration: source=/templates/macros/json/duration.vm
2022-02-09 12:54:36,944 - ResourceManager : found /templates/macros/json/duration.vm with loader org.apache.velocity.runtime.resource.loader.ClasspathResourceLoader
2022-02-09 12:54:36,947 - Velocimacro : added VM includeElement: source=/templates/macros/json/element.vm
2022-02-09 12:54:36,947 - ResourceManager : found /templates/macros/json/element.vm with loader org.apache.velocity.runtime.resource.loader.ClasspathResourceLoader
2022-02-09 12:54:36,956 - Velocimacro : added VM includeEmbeddings: source=/templates/macros/json/embeddings.vm
2022-02-09 12:54:36,957 - Velocimacro : added VM includeHtmlEmbedding: source=/templates/macros/json/embeddings.vm
2022-02-09 12:54:36,957 - Velocimacro : added VM includeVideoEmbedding: source=/templates/macros/json/embeddings.vm
2022-02-09 12:54:36,957 - Velocimacro : added VM includeImageEmbedding: source=/templates/macros/json/embeddings.vm
2022-02-09 12:54:36,957 - Velocimacro : added VM includeImageReferenceEmbedding: source=/templates/macros/json/embeddings.vm
2022-02-09 12:54:36,958 - Velocimacro : added VM includeTextEmbedding: source=/templates/macros/json/embeddings.vm
2022-02-09 12:54:36,958 - Velocimacro : added VM includeUnknownEmbedding: source=/templates/macros/json/embeddings.vm
2022-02-09 12:54:36,958 - ResourceManager : found /templates/macros/json/embeddings.vm with loader org.apache.velocity.runtime.resource.loader.ClasspathResourceLoader
2022-02-09 12:54:36,962 - Velocimacro : added VM includeHooks: source=/templates/macros/json/hooks.vm
2022-02-09 12:54:36,962 - ResourceManager : found /templates/macros/json/hooks.vm with loader org.apache.velocity.runtime.resource.loader.ClasspathResourceLoader
2022-02-09 12:54:36,965 - Velocimacro : added VM includeOutput: source=/templates/macros/json/output.vm
2022-02-09 12:54:36,965 - ResourceManager : found /templates/macros/json/output.vm with loader org.apache.velocity.runtime.resource.loader.ClasspathResourceLoader
2022-02-09 12:54:36,966 - Velocimacro : added VM includeMessage: source=/templates/macros/json/message.vm
2022-02-09 12:54:36,966 - ResourceManager : found /templates/macros/json/message.vm with loader org.apache.velocity.runtime.resource.loader.ClasspathResourceLoader
2022-02-09 12:54:36,969 - Velocimacro : added VM includeSteps: source=/templates/macros/json/steps.vm
2022-02-09 12:54:36,969 - ResourceManager : found /templates/macros/json/steps.vm with loader org.apache.velocity.runtime.resource.loader.ClasspathResourceLoader
2022-02-09 12:54:36,970 - Velocimacro : added VM includeStepName: source=/templates/macros/json/stepName.vm
2022-02-09 12:54:36,970 - ResourceManager : found /templates/macros/json/stepName.vm with loader org.apache.velocity.runtime.resource.loader.ClasspathResourceLoader
2022-02-09 12:54:36,971 - Velocimacro : added VM includeTags: source=/templates/macros/json/tags.vm
2022-02-09 12:54:36,971 - ResourceManager : found /templates/macros/json/tags.vm with loader org.apache.velocity.runtime.resource.loader.ClasspathResourceLoader
2022-02-09 12:54:37,000 - VM #includeNavigation: too few arguments to macro. Wanted 1 got 0
2022-02-09 12:54:37,002 - Left side ($active_tab) of '==' operation has null value. If it is a reference, it may not be in the context or its toString() returned null. /templates/macros/page/navigation.vm[line 14, column 51]
2022-02-09 12:54:37,002 - Left side ($active_tab) of '==' operation has null value. If it is a reference, it may not be in the context or its toString() returned null. /templates/macros/page/navigation.vm[line 15, column 51]
2022-02-09 12:54:37,002 - Left side ($active_tab) of '==' operation has null value. If it is a reference, it may not be in the context or its toString() returned null. /templates/macros/page/navigation.vm[line 16, column 51]
2022-02-09 12:54:37,002 - Left side ($active_tab) of '==' operation has null value. If it is a reference, it may not be in the context or its toString() returned null. /templates/macros/page/navigation.vm[line 20, column 51]
2022-02-09 12:54:37,033 - ResourceManager : found /templates/footer.vm with loader org.apache.velocity.runtime.resource.loader.ClasspathResourceLoader
2022-02-09 12:55:40,304 - Log4JLogChute initialized using file 'target/velocity.log'
2022-02-09 12:55:40,305 - Initializing Velocity, Calling init()...
2022-02-09 12:55:40,306 - Starting Apache Velocity v1.7 (compiled: 2010-11-19 12:14:37)
2022-02-09 12:55:40,306 - Default Properties File: org/apache/velocity/runtime/defaults/velocity.properties
2022-02-09 12:55:40,306 - Trying to use logger class org.apache.velocity.runtime.log.AvalonLogChute
2022-02-09 12:55:40,306 - Target log system for org.apache.velocity.runtime.log.AvalonLogChute is not available (java.lang.NoClassDefFoundError: org/apache/log/format/Formatter).  Falling back to next log system...
2022-02-09 12:55:40,306 - Trying to use logger class org.apache.velocity.runtime.log.Log4JLogChute
2022-02-09 12:55:40,306 - Using logger class org.apache.velocity.runtime.log.Log4JLogChute
2022-02-09 12:55:40,308 - ResourceLoader instantiated: org.apache.velocity.runtime.resource.loader.ClasspathResourceLoader
2022-02-09 12:55:40,318 - ResourceCache: initialized (class org.apache.velocity.runtime.resource.ResourceCacheImpl) with class java.util.Collections$SynchronizedMap cache map.
2022-02-09 12:55:40,322 - Loaded System Directive: org.apache.velocity.runtime.directive.Stop
2022-02-09 12:55:40,324 - Loaded System Directive: org.apache.velocity.runtime.directive.Define
2022-02-09 12:55:40,324 - Loaded System Directive: org.apache.velocity.runtime.directive.Break
2022-02-09 12:55:40,325 - Loaded System Directive: org.apache.velocity.runtime.directive.Evaluate
2022-02-09 12:55:40,325 - Loaded System Directive: org.apache.velocity.runtime.directive.Literal
2022-02-09 12:55:40,327 - Loaded System Directive: org.apache.velocity.runtime.directive.Macro
2022-02-09 12:55:40,328 - Loaded System Directive: org.apache.velocity.runtime.directive.Parse
2022-02-09 12:55:40,330 - Loaded System Directive: org.apache.velocity.runtime.directive.Include
2022-02-09 12:55:40,331 - Loaded System Directive: org.apache.velocity.runtime.directive.Foreach
2022-02-09 12:55:40,397 - Created '20' parsers.
2022-02-09 12:55:40,403 - Velocimacro : "velocimacro.library" is not set.  Trying default library: VM_global_library.vm
2022-02-09 12:55:40,406 - Could not load resource 'VM_global_library.vm' from ResourceLoader org.apache.velocity.runtime.resource.loader.ClasspathResourceLoader: ClasspathResourceLoader Error: cannot find resource VM_global_library.vm
2022-02-09 12:55:40,406 - Velocimacro : Default library not found.
2022-02-09 12:55:40,406 - Velocimacro : allowInline = true : VMs can be defined inline in templates
2022-02-09 12:55:40,406 - Velocimacro : allowInlineToOverride = false : VMs defined inline may NOT replace previous VM definitions
2022-02-09 12:55:40,406 - Velocimacro : allowInlineLocal = false : VMs defined inline will be global in scope if allowed.
2022-02-09 12:55:40,406 - Velocimacro : autoload off : VM system will not automatically reload global library macros
2022-02-09 12:55:40,495 - ResourceManager : found templates/generators/errorpage.vm with loader org.apache.velocity.runtime.resource.loader.ClasspathResourceLoader
2022-02-09 12:55:40,502 - ResourceManager : found /templates/headers.vm with loader org.apache.velocity.runtime.resource.loader.ClasspathResourceLoader
2022-02-09 12:55:40,503 - ResourceManager : found /templates/head.vm with loader org.apache.velocity.runtime.resource.loader.ClasspathResourceLoader
2022-02-09 12:55:40,506 - Velocimacro : added VM stringArray: source=/templates/macros/array.js.vm
2022-02-09 12:55:40,506 - Velocimacro : added VM numberArray: source=/templates/macros/array.js.vm
2022-02-09 12:55:40,506 - ResourceManager : found /templates/macros/array.js.vm with loader org.apache.velocity.runtime.resource.loader.ClasspathResourceLoader
2022-02-09 12:55:40,508 - Velocimacro : added VM includeBuildInfo: source=/templates/macros/page/buildinfo.vm
2022-02-09 12:55:40,508 - ResourceManager : found /templates/macros/page/buildinfo.vm with loader org.apache.velocity.runtime.resource.loader.ClasspathResourceLoader
2022-02-09 12:55:40,512 - Velocimacro : added VM includeClassifications: source=/templates/macros/page/classifications.vm
2022-02-09 12:55:40,512 - ResourceManager : found /templates/macros/page/classifications.vm with loader org.apache.velocity.runtime.resource.loader.ClasspathResourceLoader
2022-02-09 12:55:40,513 - Velocimacro : added VM includeLead: source=/templates/macros/page/lead.vm
2022-02-09 12:55:40,513 - ResourceManager : found /templates/macros/page/lead.vm with loader org.apache.velocity.runtime.resource.loader.ClasspathResourceLoader
2022-02-09 12:55:40,516 - Velocimacro : added VM includeNavigation: source=/templates/macros/page/navigation.vm
2022-02-09 12:55:40,516 - ResourceManager : found /templates/macros/page/navigation.vm with loader org.apache.velocity.runtime.resource.loader.ClasspathResourceLoader
2022-02-09 12:55:40,518 - Velocimacro : added VM includeReportInfo: source=/templates/macros/page/reportInfo.vm
2022-02-09 12:55:40,518 - ResourceManager : found /templates/macros/page/reportInfo.vm with loader org.apache.velocity.runtime.resource.loader.ClasspathResourceLoader
2022-02-09 12:55:40,519 - Velocimacro : added VM includeTitle: source=/templates/macros/page/title.vm
2022-02-09 12:55:40,520 - ResourceManager : found /templates/macros/page/title.vm with loader org.apache.velocity.runtime.resource.loader.ClasspathResourceLoader
2022-02-09 12:55:40,521 - Velocimacro : added VM includeExpandingButtons: source=/templates/macros/report/expandAllButtons.vm
2022-02-09 12:55:40,521 - ResourceManager : found /templates/macros/report/expandAllButtons.vm with loader org.apache.velocity.runtime.resource.loader.ClasspathResourceLoader
2022-02-09 12:55:40,525 - Velocimacro : added VM includeReportTable: source=/templates/macros/report/reportTable.vm
2022-02-09 12:55:40,525 - ResourceManager : found /templates/macros/report/reportTable.vm with loader org.apache.velocity.runtime.resource.loader.ClasspathResourceLoader
2022-02-09 12:55:40,527 - Velocimacro : added VM includeReportHeader: source=/templates/macros/report/reportHeader.vm
2022-02-09 12:55:40,527 - ResourceManager : found /templates/macros/report/reportHeader.vm with loader org.apache.velocity.runtime.resource.loader.ClasspathResourceLoader
2022-02-09 12:55:40,531 - Velocimacro : added VM includeStatsTable: source=/templates/macros/report/statsTable.vm
2022-02-09 12:55:40,531 - ResourceManager : found /templates/macros/report/statsTable.vm with loader org.apache.velocity.runtime.resource.loader.ClasspathResourceLoader
2022-02-09 12:55:40,532 - Velocimacro : added VM includeBrief: source=/templates/macros/json/brief.vm
2022-02-09 12:55:40,532 - ResourceManager : found /templates/macros/json/brief.vm with loader org.apache.velocity.runtime.resource.loader.ClasspathResourceLoader
2022-02-09 12:55:40,533 - Velocimacro : added VM includeDocString: source=/templates/macros/json/docstring.vm
2022-02-09 12:55:40,533 - ResourceManager : found /templates/macros/json/docstring.vm with loader org.apache.velocity.runtime.resource.loader.ClasspathResourceLoader
2022-02-09 12:55:40,534 - Velocimacro : added VM includeDuration: source=/templates/macros/json/duration.vm
2022-02-09 12:55:40,534 - ResourceManager : found /templates/macros/json/duration.vm with loader org.apache.velocity.runtime.resource.loader.ClasspathResourceLoader
2022-02-09 12:55:40,537 - Velocimacro : added VM includeElement: source=/templates/macros/json/element.vm
2022-02-09 12:55:40,537 - ResourceManager : found /templates/macros/json/element.vm with loader org.apache.velocity.runtime.resource.loader.ClasspathResourceLoader
2022-02-09 12:55:40,545 - Velocimacro : added VM includeEmbeddings: source=/templates/macros/json/embeddings.vm
2022-02-09 12:55:40,545 - Velocimacro : added VM includeHtmlEmbedding: source=/templates/macros/json/embeddings.vm
2022-02-09 12:55:40,545 - Velocimacro : added VM includeVideoEmbedding: source=/templates/macros/json/embeddings.vm
2022-02-09 12:55:40,546 - Velocimacro : added VM includeImageEmbedding: source=/templates/macros/json/embeddings.vm
2022-02-09 12:55:40,546 - Velocimacro : added VM includeImageReferenceEmbedding: source=/templates/macros/json/embeddings.vm
2022-02-09 12:55:40,546 - Velocimacro : added VM includeTextEmbedding: source=/templates/macros/json/embeddings.vm
2022-02-09 12:55:40,546 - Velocimacro : added VM includeUnknownEmbedding: source=/templates/macros/json/embeddings.vm
2022-02-09 12:55:40,546 - ResourceManager : found /templates/macros/json/embeddings.vm with loader org.apache.velocity.runtime.resource.loader.ClasspathResourceLoader
2022-02-09 12:55:40,548 - Velocimacro : added VM includeHooks: source=/templates/macros/json/hooks.vm
2022-02-09 12:55:40,548 - ResourceManager : found /templates/macros/json/hooks.vm with loader org.apache.velocity.runtime.resource.loader.ClasspathResourceLoader
2022-02-09 12:55:40,550 - Velocimacro : added VM includeOutput: source=/templates/macros/json/output.vm
2022-02-09 12:55:40,550 - ResourceManager : found /templates/macros/json/output.vm with loader org.apache.velocity.runtime.resource.loader.ClasspathResourceLoader
2022-02-09 12:55:40,550 - Velocimacro : added VM includeMessage: source=/templates/macros/json/message.vm
2022-02-09 12:55:40,550 - ResourceManager : found /templates/macros/json/message.vm with loader org.apache.velocity.runtime.resource.loader.ClasspathResourceLoader
2022-02-09 12:55:40,553 - Velocimacro : added VM includeSteps: source=/templates/macros/json/steps.vm
2022-02-09 12:55:40,553 - ResourceManager : found /templates/macros/json/steps.vm with loader org.apache.velocity.runtime.resource.loader.ClasspathResourceLoader
2022-02-09 12:55:40,554 - Velocimacro : added VM includeStepName: source=/templates/macros/json/stepName.vm
2022-02-09 12:55:40,555 - ResourceManager : found /templates/macros/json/stepName.vm with loader org.apache.velocity.runtime.resource.loader.ClasspathResourceLoader
2022-02-09 12:55:40,555 - Velocimacro : added VM includeTags: source=/templates/macros/json/tags.vm
2022-02-09 12:55:40,555 - ResourceManager : found /templates/macros/json/tags.vm with loader org.apache.velocity.runtime.resource.loader.ClasspathResourceLoader
2022-02-09 12:55:40,563 - VM #includeNavigation: too few arguments to macro. Wanted 1 got 0
2022-02-09 12:55:40,564 - Left side ($active_tab) of '==' operation has null value. If it is a reference, it may not be in the context or its toString() returned null. /templates/macros/page/navigation.vm[line 14, column 51]
2022-02-09 12:55:40,564 - Left side ($active_tab) of '==' operation has null value. If it is a reference, it may not be in the context or its toString() returned null. /templates/macros/page/navigation.vm[line 15, column 51]
2022-02-09 12:55:40,564 - Left side ($active_tab) of '==' operation has null value. If it is a reference, it may not be in the context or its toString() returned null. /templates/macros/page/navigation.vm[line 16, column 51]
2022-02-09 12:55:40,564 - Left side ($active_tab) of '==' operation has null value. If it is a reference, it may not be in the context or its toString() returned null. /templates/macros/page/navigation.vm[line 20, column 51]
2022-02-09 12:55:40,582 - ResourceManager : found /templates/footer.vm with loader org.apache.velocity.runtime.resource.loader.ClasspathResourceLoader
2022-02-09 12:57:27,777 - Log4JLogChute initialized using file 'target/velocity.log'
2022-02-09 12:57:27,779 - Initializing Velocity, Calling init()...
2022-02-09 12:57:27,780 - Starting Apache Velocity v1.7 (compiled: 2010-11-19 12:14:37)
2022-02-09 12:57:27,780 - Default Properties File: org/apache/velocity/runtime/defaults/velocity.properties
2022-02-09 12:57:27,780 - Trying to use logger class org.apache.velocity.runtime.log.AvalonLogChute
2022-02-09 12:57:27,780 - Target log system for org.apache.velocity.runtime.log.AvalonLogChute is not available (java.lang.NoClassDefFoundError: org/apache/log/format/Formatter).  Falling back to next log system...
2022-02-09 12:57:27,780 - Trying to use logger class org.apache.velocity.runtime.log.Log4JLogChute
2022-02-09 12:57:27,780 - Using logger class org.apache.velocity.runtime.log.Log4JLogChute
2022-02-09 12:57:27,783 - ResourceLoader instantiated: org.apache.velocity.runtime.resource.loader.ClasspathResourceLoader
2022-02-09 12:57:27,796 - ResourceCache: initialized (class org.apache.velocity.runtime.resource.ResourceCacheImpl) with class java.util.Collections$SynchronizedMap cache map.
2022-02-09 12:57:27,799 - Loaded System Directive: org.apache.velocity.runtime.directive.Stop
2022-02-09 12:57:27,801 - Loaded System Directive: org.apache.velocity.runtime.directive.Define
2022-02-09 12:57:27,802 - Loaded System Directive: org.apache.velocity.runtime.directive.Break
2022-02-09 12:57:27,802 - Loaded System Directive: org.apache.velocity.runtime.directive.Evaluate
2022-02-09 12:57:27,803 - Loaded System Directive: org.apache.velocity.runtime.directive.Literal
2022-02-09 12:57:27,804 - Loaded System Directive: org.apache.velocity.runtime.directive.Macro
2022-02-09 12:57:27,806 - Loaded System Directive: org.apache.velocity.runtime.directive.Parse
2022-02-09 12:57:27,808 - Loaded System Directive: org.apache.velocity.runtime.directive.Include
2022-02-09 12:57:27,809 - Loaded System Directive: org.apache.velocity.runtime.directive.Foreach
2022-02-09 12:57:27,849 - Created '20' parsers.
2022-02-09 12:57:27,855 - Velocimacro : "velocimacro.library" is not set.  Trying default library: VM_global_library.vm
2022-02-09 12:57:27,858 - Could not load resource 'VM_global_library.vm' from ResourceLoader org.apache.velocity.runtime.resource.loader.ClasspathResourceLoader: ClasspathResourceLoader Error: cannot find resource VM_global_library.vm
2022-02-09 12:57:27,858 - Velocimacro : Default library not found.
2022-02-09 12:57:27,858 - Velocimacro : allowInline = true : VMs can be defined inline in templates
2022-02-09 12:57:27,858 - Velocimacro : allowInlineToOverride = false : VMs defined inline may NOT replace previous VM definitions
2022-02-09 12:57:27,858 - Velocimacro : allowInlineLocal = false : VMs defined inline will be global in scope if allowed.
2022-02-09 12:57:27,858 - Velocimacro : autoload off : VM system will not automatically reload global library macros
2022-02-09 12:57:27,949 - ResourceManager : found templates/generators/errorpage.vm with loader org.apache.velocity.runtime.resource.loader.ClasspathResourceLoader
2022-02-09 12:57:27,954 - ResourceManager : found /templates/headers.vm with loader org.apache.velocity.runtime.resource.loader.ClasspathResourceLoader
2022-02-09 12:57:27,959 - ResourceManager : found /templates/head.vm with loader org.apache.velocity.runtime.resource.loader.ClasspathResourceLoader
2022-02-09 12:57:27,962 - Velocimacro : added VM stringArray: source=/templates/macros/array.js.vm
2022-02-09 12:57:27,962 - Velocimacro : added VM numberArray: source=/templates/macros/array.js.vm
2022-02-09 12:57:27,962 - ResourceManager : found /templates/macros/array.js.vm with loader org.apache.velocity.runtime.resource.loader.ClasspathResourceLoader
2022-02-09 12:57:27,965 - Velocimacro : added VM includeBuildInfo: source=/templates/macros/page/buildinfo.vm
2022-02-09 12:57:27,965 - ResourceManager : found /templates/macros/page/buildinfo.vm with loader org.apache.velocity.runtime.resource.loader.ClasspathResourceLoader
2022-02-09 12:57:27,968 - Velocimacro : added VM includeClassifications: source=/templates/macros/page/classifications.vm
2022-02-09 12:57:27,969 - ResourceManager : found /templates/macros/page/classifications.vm with loader org.apache.velocity.runtime.resource.loader.ClasspathResourceLoader
2022-02-09 12:57:27,970 - Velocimacro : added VM includeLead: source=/templates/macros/page/lead.vm
2022-02-09 12:57:27,970 - ResourceManager : found /templates/macros/page/lead.vm with loader org.apache.velocity.runtime.resource.loader.ClasspathResourceLoader
2022-02-09 12:57:27,973 - Velocimacro : added VM includeNavigation: source=/templates/macros/page/navigation.vm
2022-02-09 12:57:27,973 - ResourceManager : found /templates/macros/page/navigation.vm with loader org.apache.velocity.runtime.resource.loader.ClasspathResourceLoader
2022-02-09 12:57:27,977 - Velocimacro : added VM includeReportInfo: source=/templates/macros/page/reportInfo.vm
2022-02-09 12:57:27,977 - ResourceManager : found /templates/macros/page/reportInfo.vm with loader org.apache.velocity.runtime.resource.loader.ClasspathResourceLoader
2022-02-09 12:57:27,978 - Velocimacro : added VM includeTitle: source=/templates/macros/page/title.vm
2022-02-09 12:57:27,978 - ResourceManager : found /templates/macros/page/title.vm with loader org.apache.velocity.runtime.resource.loader.ClasspathResourceLoader
2022-02-09 12:57:27,979 - Velocimacro : added VM includeExpandingButtons: source=/templates/macros/report/expandAllButtons.vm
2022-02-09 12:57:27,980 - ResourceManager : found /templates/macros/report/expandAllButtons.vm with loader org.apache.velocity.runtime.resource.loader.ClasspathResourceLoader
2022-02-09 12:57:27,985 - Velocimacro : added VM includeReportTable: source=/templates/macros/report/reportTable.vm
2022-02-09 12:57:27,986 - ResourceManager : found /templates/macros/report/reportTable.vm with loader org.apache.velocity.runtime.resource.loader.ClasspathResourceLoader
2022-02-09 12:57:27,987 - Velocimacro : added VM includeReportHeader: source=/templates/macros/report/reportHeader.vm
2022-02-09 12:57:27,987 - ResourceManager : found /templates/macros/report/reportHeader.vm with loader org.apache.velocity.runtime.resource.loader.ClasspathResourceLoader
2022-02-09 12:57:27,995 - Velocimacro : added VM includeStatsTable: source=/templates/macros/report/statsTable.vm
2022-02-09 12:57:27,995 - ResourceManager : found /templates/macros/report/statsTable.vm with loader org.apache.velocity.runtime.resource.loader.ClasspathResourceLoader
2022-02-09 12:57:27,996 - Velocimacro : added VM includeBrief: source=/templates/macros/json/brief.vm
2022-02-09 12:57:27,996 - ResourceManager : found /templates/macros/json/brief.vm with loader org.apache.velocity.runtime.resource.loader.ClasspathResourceLoader
2022-02-09 12:57:27,998 - Velocimacro : added VM includeDocString: source=/templates/macros/json/docstring.vm
2022-02-09 12:57:27,998 - ResourceManager : found /templates/macros/json/docstring.vm with loader org.apache.velocity.runtime.resource.loader.ClasspathResourceLoader
2022-02-09 12:57:27,999 - Velocimacro : added VM includeDuration: source=/templates/macros/json/duration.vm
2022-02-09 12:57:27,999 - ResourceManager : found /templates/macros/json/duration.vm with loader org.apache.velocity.runtime.resource.loader.ClasspathResourceLoader
2022-02-09 12:57:28,003 - Velocimacro : added VM includeElement: source=/templates/macros/json/element.vm
2022-02-09 12:57:28,003 - ResourceManager : found /templates/macros/json/element.vm with loader org.apache.velocity.runtime.resource.loader.ClasspathResourceLoader
2022-02-09 12:57:28,012 - Velocimacro : added VM includeEmbeddings: source=/templates/macros/json/embeddings.vm
2022-02-09 12:57:28,013 - Velocimacro : added VM includeHtmlEmbedding: source=/templates/macros/json/embeddings.vm
2022-02-09 12:57:28,013 - Velocimacro : added VM includeVideoEmbedding: source=/templates/macros/json/embeddings.vm
2022-02-09 12:57:28,013 - Velocimacro : added VM includeImageEmbedding: source=/templates/macros/json/embeddings.vm
2022-02-09 12:57:28,013 - Velocimacro : added VM includeImageReferenceEmbedding: source=/templates/macros/json/embeddings.vm
2022-02-09 12:57:28,013 - Velocimacro : added VM includeTextEmbedding: source=/templates/macros/json/embeddings.vm
2022-02-09 12:57:28,014 - Velocimacro : added VM includeUnknownEmbedding: source=/templates/macros/json/embeddings.vm
2022-02-09 12:57:28,014 - ResourceManager : found /templates/macros/json/embeddings.vm with loader org.apache.velocity.runtime.resource.loader.ClasspathResourceLoader
2022-02-09 12:57:28,015 - Velocimacro : added VM includeHooks: source=/templates/macros/json/hooks.vm
2022-02-09 12:57:28,016 - ResourceManager : found /templates/macros/json/hooks.vm with loader org.apache.velocity.runtime.resource.loader.ClasspathResourceLoader
2022-02-09 12:57:28,017 - Velocimacro : added VM includeOutput: source=/templates/macros/json/output.vm
2022-02-09 12:57:28,017 - ResourceManager : found /templates/macros/json/output.vm with loader org.apache.velocity.runtime.resource.loader.ClasspathResourceLoader
2022-02-09 12:57:28,018 - Velocimacro : added VM includeMessage: source=/templates/macros/json/message.vm
2022-02-09 12:57:28,018 - ResourceManager : found /templates/macros/json/message.vm with loader org.apache.velocity.runtime.resource.loader.ClasspathResourceLoader
2022-02-09 12:57:28,020 - Velocimacro : added VM includeSteps: source=/templates/macros/json/steps.vm
2022-02-09 12:57:28,020 - ResourceManager : found /templates/macros/json/steps.vm with loader org.apache.velocity.runtime.resource.loader.ClasspathResourceLoader
2022-02-09 12:57:28,021 - Velocimacro : added VM includeStepName: source=/templates/macros/json/stepName.vm
2022-02-09 12:57:28,021 - ResourceManager : found /templates/macros/json/stepName.vm with loader org.apache.velocity.runtime.resource.loader.ClasspathResourceLoader
2022-02-09 12:57:28,022 - Velocimacro : added VM includeTags: source=/templates/macros/json/tags.vm
2022-02-09 12:57:28,022 - ResourceManager : found /templates/macros/json/tags.vm with loader org.apache.velocity.runtime.resource.loader.ClasspathResourceLoader
2022-02-09 12:57:28,031 - VM #includeNavigation: too few arguments to macro. Wanted 1 got 0
2022-02-09 12:57:28,031 - Left side ($active_tab) of '==' operation has null value. If it is a reference, it may not be in the context or its toString() returned null. /templates/macros/page/navigation.vm[line 14, column 51]
2022-02-09 12:57:28,031 - Left side ($active_tab) of '==' operation has null value. If it is a reference, it may not be in the context or its toString() returned null. /templates/macros/page/navigation.vm[line 15, column 51]
2022-02-09 12:57:28,032 - Left side ($active_tab) of '==' operation has null value. If it is a reference, it may not be in the context or its toString() returned null. /templates/macros/page/navigation.vm[line 16, column 51]
2022-02-09 12:57:28,032 - Left side ($active_tab) of '==' operation has null value. If it is a reference, it may not be in the context or its toString() returned null. /templates/macros/page/navigation.vm[line 20, column 51]
2022-02-09 12:57:28,048 - ResourceManager : found /templates/footer.vm with loader org.apache.velocity.runtime.resource.loader.ClasspathResourceLoader
2022-02-09 14:21:38,627 - Log4JLogChute initialized using file 'target/velocity.log'
2022-02-09 14:21:38,628 - Initializing Velocity, Calling init()...
2022-02-09 14:21:38,628 - Starting Apache Velocity v1.7 (compiled: 2010-11-19 12:14:37)
2022-02-09 14:21:38,628 - Default Properties File: org/apache/velocity/runtime/defaults/velocity.properties
2022-02-09 14:21:38,628 - Trying to use logger class org.apache.velocity.runtime.log.AvalonLogChute
2022-02-09 14:21:38,628 - Target log system for org.apache.velocity.runtime.log.AvalonLogChute is not available (java.lang.NoClassDefFoundError: org/apache/log/format/Formatter).  Falling back to next log system...
2022-02-09 14:21:38,628 - Trying to use logger class org.apache.velocity.runtime.log.Log4JLogChute
2022-02-09 14:21:38,628 - Using logger class org.apache.velocity.runtime.log.Log4JLogChute
2022-02-09 14:21:38,635 - ResourceLoader instantiated: org.apache.velocity.runtime.resource.loader.ClasspathResourceLoader
2022-02-09 14:21:38,666 - ResourceCache: initialized (class org.apache.velocity.runtime.resource.ResourceCacheImpl) with class java.util.Collections$SynchronizedMap cache map.
2022-02-09 14:21:38,669 - Loaded System Directive: org.apache.velocity.runtime.directive.Stop
2022-02-09 14:21:38,671 - Loaded System Directive: org.apache.velocity.runtime.directive.Define
2022-02-09 14:21:38,671 - Loaded System Directive: org.apache.velocity.runtime.directive.Break
2022-02-09 14:21:38,673 - Loaded System Directive: org.apache.velocity.runtime.directive.Evaluate
2022-02-09 14:21:38,674 - Loaded System Directive: org.apache.velocity.runtime.directive.Literal
2022-02-09 14:21:38,681 - Loaded System Directive: org.apache.velocity.runtime.directive.Macro
2022-02-09 14:21:38,682 - Loaded System Directive: org.apache.velocity.runtime.directive.Parse
2022-02-09 14:21:38,684 - Loaded System Directive: org.apache.velocity.runtime.directive.Include
2022-02-09 14:21:38,684 - Loaded System Directive: org.apache.velocity.runtime.directive.Foreach
2022-02-09 14:21:38,724 - Created '20' parsers.
2022-02-09 14:21:38,733 - Velocimacro : "velocimacro.library" is not set.  Trying default library: VM_global_library.vm
2022-02-09 14:21:38,734 - Could not load resource 'VM_global_library.vm' from ResourceLoader org.apache.velocity.runtime.resource.loader.ClasspathResourceLoader: ClasspathResourceLoader Error: cannot find resource VM_global_library.vm
2022-02-09 14:21:38,734 - Velocimacro : Default library not found.
2022-02-09 14:21:38,734 - Velocimacro : allowInline = true : VMs can be defined inline in templates
2022-02-09 14:21:38,734 - Velocimacro : allowInlineToOverride = false : VMs defined inline may NOT replace previous VM definitions
2022-02-09 14:21:38,734 - Velocimacro : allowInlineLocal = false : VMs defined inline will be global in scope if allowed.
2022-02-09 14:21:38,734 - Velocimacro : autoload off : VM system will not automatically reload global library macros
2022-02-09 14:21:39,006 - ResourceManager : found templates/generators/errorpage.vm with loader org.apache.velocity.runtime.resource.loader.ClasspathResourceLoader
2022-02-09 14:21:39,026 - ResourceManager : found /templates/headers.vm with loader org.apache.velocity.runtime.resource.loader.ClasspathResourceLoader
2022-02-09 14:21:39,027 - ResourceManager : found /templates/head.vm with loader org.apache.velocity.runtime.resource.loader.ClasspathResourceLoader
2022-02-09 14:21:39,030 - Velocimacro : added VM stringArray: source=/templates/macros/array.js.vm
2022-02-09 14:21:39,030 - Velocimacro : added VM numberArray: source=/templates/macros/array.js.vm
2022-02-09 14:21:39,030 - ResourceManager : found /templates/macros/array.js.vm with loader org.apache.velocity.runtime.resource.loader.ClasspathResourceLoader
2022-02-09 14:21:39,039 - Velocimacro : added VM includeBuildInfo: source=/templates/macros/page/buildinfo.vm
2022-02-09 14:21:39,039 - ResourceManager : found /templates/macros/page/buildinfo.vm with loader org.apache.velocity.runtime.resource.loader.ClasspathResourceLoader
2022-02-09 14:21:39,055 - Velocimacro : added VM includeClassifications: source=/templates/macros/page/classifications.vm
2022-02-09 14:21:39,055 - ResourceManager : found /templates/macros/page/classifications.vm with loader org.apache.velocity.runtime.resource.loader.ClasspathResourceLoader
2022-02-09 14:21:39,056 - Velocimacro : added VM includeLead: source=/templates/macros/page/lead.vm
2022-02-09 14:21:39,056 - ResourceManager : found /templates/macros/page/lead.vm with loader org.apache.velocity.runtime.resource.loader.ClasspathResourceLoader
2022-02-09 14:21:39,061 - Velocimacro : added VM includeNavigation: source=/templates/macros/page/navigation.vm
2022-02-09 14:21:39,061 - ResourceManager : found /templates/macros/page/navigation.vm with loader org.apache.velocity.runtime.resource.loader.ClasspathResourceLoader
2022-02-09 14:21:39,064 - Velocimacro : added VM includeReportInfo: source=/templates/macros/page/reportInfo.vm
2022-02-09 14:21:39,064 - ResourceManager : found /templates/macros/page/reportInfo.vm with loader org.apache.velocity.runtime.resource.loader.ClasspathResourceLoader
2022-02-09 14:21:39,070 - Velocimacro : added VM includeTitle: source=/templates/macros/page/title.vm
2022-02-09 14:21:39,070 - ResourceManager : found /templates/macros/page/title.vm with loader org.apache.velocity.runtime.resource.loader.ClasspathResourceLoader
2022-02-09 14:21:39,071 - Velocimacro : added VM includeExpandingButtons: source=/templates/macros/report/expandAllButtons.vm
2022-02-09 14:21:39,071 - ResourceManager : found /templates/macros/report/expandAllButtons.vm with loader org.apache.velocity.runtime.resource.loader.ClasspathResourceLoader
2022-02-09 14:21:39,107 - Velocimacro : added VM includeReportTable: source=/templates/macros/report/reportTable.vm
2022-02-09 14:21:39,107 - ResourceManager : found /templates/macros/report/reportTable.vm with loader org.apache.velocity.runtime.resource.loader.ClasspathResourceLoader
2022-02-09 14:21:39,109 - Velocimacro : added VM includeReportHeader: source=/templates/macros/report/reportHeader.vm
2022-02-09 14:21:39,109 - ResourceManager : found /templates/macros/report/reportHeader.vm with loader org.apache.velocity.runtime.resource.loader.ClasspathResourceLoader
2022-02-09 14:21:39,124 - Velocimacro : added VM includeStatsTable: source=/templates/macros/report/statsTable.vm
2022-02-09 14:21:39,124 - ResourceManager : found /templates/macros/report/statsTable.vm with loader org.apache.velocity.runtime.resource.loader.ClasspathResourceLoader
2022-02-09 14:21:39,126 - Velocimacro : added VM includeBrief: source=/templates/macros/json/brief.vm
2022-02-09 14:21:39,126 - ResourceManager : found /templates/macros/json/brief.vm with loader org.apache.velocity.runtime.resource.loader.ClasspathResourceLoader
2022-02-09 14:21:39,128 - Velocimacro : added VM includeDocString: source=/templates/macros/json/docstring.vm
2022-02-09 14:21:39,128 - ResourceManager : found /templates/macros/json/docstring.vm with loader org.apache.velocity.runtime.resource.loader.ClasspathResourceLoader
2022-02-09 14:21:39,136 - Velocimacro : added VM includeDuration: source=/templates/macros/json/duration.vm
2022-02-09 14:21:39,137 - ResourceManager : found /templates/macros/json/duration.vm with loader org.apache.velocity.runtime.resource.loader.ClasspathResourceLoader
2022-02-09 14:21:39,142 - Velocimacro : added VM includeElement: source=/templates/macros/json/element.vm
2022-02-09 14:21:39,142 - ResourceManager : found /templates/macros/json/element.vm with loader org.apache.velocity.runtime.resource.loader.ClasspathResourceLoader
2022-02-09 14:21:39,172 - Velocimacro : added VM includeEmbeddings: source=/templates/macros/json/embeddings.vm
2022-02-09 14:21:39,172 - Velocimacro : added VM includeHtmlEmbedding: source=/templates/macros/json/embeddings.vm
2022-02-09 14:21:39,172 - Velocimacro : added VM includeVideoEmbedding: source=/templates/macros/json/embeddings.vm
2022-02-09 14:21:39,173 - Velocimacro : added VM includeImageEmbedding: source=/templates/macros/json/embeddings.vm
2022-02-09 14:21:39,175 - Velocimacro : added VM includeImageReferenceEmbedding: source=/templates/macros/json/embeddings.vm
2022-02-09 14:21:39,179 - Velocimacro : added VM includeTextEmbedding: source=/templates/macros/json/embeddings.vm
2022-02-09 14:21:39,180 - Velocimacro : added VM includeUnknownEmbedding: source=/templates/macros/json/embeddings.vm
2022-02-09 14:21:39,180 - ResourceManager : found /templates/macros/json/embeddings.vm with loader org.apache.velocity.runtime.resource.loader.ClasspathResourceLoader
2022-02-09 14:21:39,182 - Velocimacro : added VM includeHooks: source=/templates/macros/json/hooks.vm
2022-02-09 14:21:39,182 - ResourceManager : found /templates/macros/json/hooks.vm with loader org.apache.velocity.runtime.resource.loader.ClasspathResourceLoader
2022-02-09 14:21:39,193 - Velocimacro : added VM includeOutput: source=/templates/macros/json/output.vm
2022-02-09 14:21:39,193 - ResourceManager : found /templates/macros/json/output.vm with loader org.apache.velocity.runtime.resource.loader.ClasspathResourceLoader
2022-02-09 14:21:39,198 - Velocimacro : added VM includeMessage: source=/templates/macros/json/message.vm
2022-02-09 14:21:39,198 - ResourceManager : found /templates/macros/json/message.vm with loader org.apache.velocity.runtime.resource.loader.ClasspathResourceLoader
2022-02-09 14:21:39,213 - Velocimacro : added VM includeSteps: source=/templates/macros/json/steps.vm
2022-02-09 14:21:39,213 - ResourceManager : found /templates/macros/json/steps.vm with loader org.apache.velocity.runtime.resource.loader.ClasspathResourceLoader
2022-02-09 14:21:39,214 - Velocimacro : added VM includeStepName: source=/templates/macros/json/stepName.vm
2022-02-09 14:21:39,214 - ResourceManager : found /templates/macros/json/stepName.vm with loader org.apache.velocity.runtime.resource.loader.ClasspathResourceLoader
2022-02-09 14:21:39,215 - Velocimacro : added VM includeTags: source=/templates/macros/json/tags.vm
2022-02-09 14:21:39,216 - ResourceManager : found /templates/macros/json/tags.vm with loader org.apache.velocity.runtime.resource.loader.ClasspathResourceLoader
2022-02-09 14:21:39,248 - VM #includeNavigation: too few arguments to macro. Wanted 1 got 0
2022-02-09 14:21:39,255 - Left side ($active_tab) of '==' operation has null value. If it is a reference, it may not be in the context or its toString() returned null. /templates/macros/page/navigation.vm[line 14, column 51]
2022-02-09 14:21:39,255 - Left side ($active_tab) of '==' operation has null value. If it is a reference, it may not be in the context or its toString() returned null. /templates/macros/page/navigation.vm[line 15, column 51]
2022-02-09 14:21:39,256 - Left side ($active_tab) of '==' operation has null value. If it is a reference, it may not be in the context or its toString() returned null. /templates/macros/page/navigation.vm[line 16, column 51]
2022-02-09 14:21:39,256 - Left side ($active_tab) of '==' operation has null value. If it is a reference, it may not be in the context or its toString() returned null. /templates/macros/page/navigation.vm[line 20, column 51]
2022-02-09 14:21:39,312 - ResourceManager : found /templates/footer.vm with loader org.apache.velocity.runtime.resource.loader.ClasspathResourceLoader
